{"name": "test_login_with_proper_credentials[abcdd@gmail.com]", "status": "broken", "statusDetails": {"message": "selenium.common.exceptions.NoSuchElementException: Message: no such element: Unable to locate element: {\"method\":\"xpath\",\"selector\":\"//a[.='tabjulmanju@gmail.com']\"}\n  (Session info: chrome=128.0.6613.113); For documentation on this error, please visit: https://www.selenium.dev/documentation/webdriver/troubleshooting/errors#no-such-element-exception\nStacktrace:\n\tGetHandleVerifier [0x00007FF77BC8B632+29090]\n\t(No symbol) [0x00007FF77BBFE6E9]\n\t(No symbol) [0x00007FF77BABB1CA]\n\t(No symbol) [0x00007FF77BB0EFD7]\n\t(No symbol) [0x00007FF77BB0F22C]\n\t(No symbol) [0x00007FF77BB597F7]\n\t(No symbol) [0x00007FF77BB3672F]\n\t(No symbol) [0x00007FF77BB565D9]\n\t(No symbol) [0x00007FF77BB36493]\n\t(No symbol) [0x00007FF77BB009B1]\n\t(No symbol) [0x00007FF77BB01B11]\n\tGetHandleVerifier [0x00007FF77BFA883D+3294125]\n\tGetHandleVerifier [0x00007FF77BFF4423+3604371]\n\tGetHandleVerifier [0x00007FF77BFEA2E7+3563095]\n\tGetHandleVerifier [0x00007FF77BD46F16+797318]\n\t(No symbol) [0x00007FF77BC0986F]\n\t(No symbol) [0x00007FF77BC05454]\n\t(No symbol) [0x00007FF77BC055E0]\n\t(No symbol) [0x00007FF77BBF4A7F]\n\tBaseThreadInitThunk [0x00007FFF1DE87344+20]\n\tRtlUserThreadStart [0x00007FFF1F9A26B1+33]", "trace": "driver = <selenium.webdriver.chrome.webdriver.WebDriver (session=\"5c003f6e506dbec3a0f9ce4a543bd938\")>, username = 'abcdd@gmail.com'\n\n    @pytest.mark.parametrize(\"username\",usernames)\n    def test_login_with_proper_credentials(driver,username):\n        home = HomePage(driver)\n        home.click_on_login()\n        login=LogIn(driver)\n        login.login_to_the_application(usernames,\"Manju@468\")\n>       assert driver.find_element(\"xpath\",f\"//a[.='tabjulmanju@gmail.com']\").is_displayed()\n\ndemowebshop\\Tests\\test_login.py:13: \n_ _ _ _ _ _ _ _ _ _ _ _ _ _ _ _ _ _ _ _ _ _ _ _ _ _ _ _ _ _ _ _ _ _ _ _ _ _ _ _ _ _ _ _ _ _ _ _ _ _ _ _ _ _ _ _ _ _ _ _ _ _ _ _ _ _ _ _ _ _ _ _ _ _ _ _\nvenv\\lib\\site-packages\\selenium\\webdriver\\remote\\webdriver.py:748: in find_element\n    return self.execute(Command.FIND_ELEMENT, {\"using\": by, \"value\": value})[\"value\"]\nvenv\\lib\\site-packages\\selenium\\webdriver\\remote\\webdriver.py:354: in execute\n    self.error_handler.check_response(response)\n_ _ _ _ _ _ _ _ _ _ _ _ _ _ _ _ _ _ _ _ _ _ _ _ _ _ _ _ _ _ _ _ _ _ _ _ _ _ _ _ _ _ _ _ _ _ _ _ _ _ _ _ _ _ _ _ _ _ _ _ _ _ _ _ _ _ _ _ _ _ _ _ _ _ _ _\n\nself = <selenium.webdriver.remote.errorhandler.ErrorHandler object at 0x0000023BBE039790>\nresponse = {'status': 404, 'value': '{\"value\":{\"error\":\"no such element\",\"message\":\"no such element: Unable to locate element: {\\...07FF77BBF4A7F]\\\\n\\\\tBaseThreadInitThunk [0x00007FFF1DE87344+20]\\\\n\\\\tRtlUserThreadStart [0x00007FFF1F9A26B1+33]\\\\n\"}}'}\n\n    def check_response(self, response: Dict[str, Any]) -> None:\n        \"\"\"Checks that a JSON response from the WebDriver does not have an\n        error.\n    \n        :Args:\n         - response - The JSON response from the WebDriver server as a dictionary\n           object.\n    \n        :Raises: If the response contains an error message.\n        \"\"\"\n        status = response.get(\"status\", None)\n        if not status or status == ErrorCode.SUCCESS:\n            return\n        value = None\n        message = response.get(\"message\", \"\")\n        screen: str = response.get(\"screen\", \"\")\n        stacktrace = None\n        if isinstance(status, int):\n            value_json = response.get(\"value\", None)\n            if value_json and isinstance(value_json, str):\n                import json\n    \n                try:\n                    value = json.loads(value_json)\n                    if len(value) == 1:\n                        value = value[\"value\"]\n                    status = value.get(\"error\", None)\n                    if not status:\n                        status = value.get(\"status\", ErrorCode.UNKNOWN_ERROR)\n                        message = value.get(\"value\") or value.get(\"message\")\n                        if not isinstance(message, str):\n                            value = message\n                            message = message.get(\"message\")\n                    else:\n                        message = value.get(\"message\", None)\n                except ValueError:\n                    pass\n    \n        exception_class: Type[WebDriverException]\n        e = ErrorCode()\n        error_codes = [item for item in dir(e) if not item.startswith(\"__\")]\n        for error_code in error_codes:\n            error_info = getattr(ErrorCode, error_code)\n            if isinstance(error_info, list) and status in error_info:\n                exception_class = getattr(ExceptionMapping, error_code, WebDriverException)\n                break\n        else:\n            exception_class = WebDriverException\n    \n        if not value:\n            value = response[\"value\"]\n        if isinstance(value, str):\n            raise exception_class(value)\n        if message == \"\" and \"message\" in value:\n            message = value[\"message\"]\n    \n        screen = None  # type: ignore[assignment]\n        if \"screen\" in value:\n            screen = value[\"screen\"]\n    \n        stacktrace = None\n        st_value = value.get(\"stackTrace\") or value.get(\"stacktrace\")\n        if st_value:\n            if isinstance(st_value, str):\n                stacktrace = st_value.split(\"\\n\")\n            else:\n                stacktrace = []\n                try:\n                    for frame in st_value:\n                        line = frame.get(\"lineNumber\", \"\")\n                        file = frame.get(\"fileName\", \"<anonymous>\")\n                        if line:\n                            file = f\"{file}:{line}\"\n                        meth = frame.get(\"methodName\", \"<anonymous>\")\n                        if \"className\" in frame:\n                            meth = f\"{frame['className']}.{meth}\"\n                        msg = \"    at %s (%s)\"\n                        msg = msg % (meth, file)\n                        stacktrace.append(msg)\n                except TypeError:\n                    pass\n        if exception_class == UnexpectedAlertPresentException:\n            alert_text = None\n            if \"data\" in value:\n                alert_text = value[\"data\"].get(\"text\")\n            elif \"alert\" in value:\n                alert_text = value[\"alert\"].get(\"text\")\n            raise exception_class(message, screen, stacktrace, alert_text)  # type: ignore[call-arg]  # mypy is not smart enough here\n>       raise exception_class(message, screen, stacktrace)\nE       selenium.common.exceptions.NoSuchElementException: Message: no such element: Unable to locate element: {\"method\":\"xpath\",\"selector\":\"//a[.='tabjulmanju@gmail.com']\"}\nE         (Session info: chrome=128.0.6613.113); For documentation on this error, please visit: https://www.selenium.dev/documentation/webdriver/troubleshooting/errors#no-such-element-exception\nE       Stacktrace:\nE       \tGetHandleVerifier [0x00007FF77BC8B632+29090]\nE       \t(No symbol) [0x00007FF77BBFE6E9]\nE       \t(No symbol) [0x00007FF77BABB1CA]\nE       \t(No symbol) [0x00007FF77BB0EFD7]\nE       \t(No symbol) [0x00007FF77BB0F22C]\nE       \t(No symbol) [0x00007FF77BB597F7]\nE       \t(No symbol) [0x00007FF77BB3672F]\nE       \t(No symbol) [0x00007FF77BB565D9]\nE       \t(No symbol) [0x00007FF77BB36493]\nE       \t(No symbol) [0x00007FF77BB009B1]\nE       \t(No symbol) [0x00007FF77BB01B11]\nE       \tGetHandleVerifier [0x00007FF77BFA883D+3294125]\nE       \tGetHandleVerifier [0x00007FF77BFF4423+3604371]\nE       \tGetHandleVerifier [0x00007FF77BFEA2E7+3563095]\nE       \tGetHandleVerifier [0x00007FF77BD46F16+797318]\nE       \t(No symbol) [0x00007FF77BC0986F]\nE       \t(No symbol) [0x00007FF77BC05454]\nE       \t(No symbol) [0x00007FF77BC055E0]\nE       \t(No symbol) [0x00007FF77BBF4A7F]\nE       \tBaseThreadInitThunk [0x00007FFF1DE87344+20]\nE       \tRtlUserThreadStart [0x00007FFF1F9A26B1+33]\n\nvenv\\lib\\site-packages\\selenium\\webdriver\\remote\\errorhandler.py:229: NoSuchElementException"}, "parameters": [{"name": "username", "value": "'abcdd@gmail.com'"}], "start": 1724997781290, "stop": 1724997785480, "uuid": "c9c04678-3513-405c-ab95-4683f29b933a", "historyId": "b4a84b5ed1c977a145e8890b50faac5a", "testCaseId": "763e105e69e35968e5e47bc6622fd11f", "fullName": "demowebshop.Tests.test_login#test_login_with_proper_credentials", "labels": [{"name": "parentSuite", "value": "demowebshop.Tests"}, {"name": "suite", "value": "test_login"}, {"name": "host", "value": "MANJUNATH-TABJUL"}, {"name": "thread", "value": "3448-MainThread"}, {"name": "framework", "value": "pytest"}, {"name": "language", "value": "cpython3"}, {"name": "package", "value": "demowebshop.Tests.test_login"}]}