{"name": "test_check_for_login", "status": "broken", "statusDetails": {"message": "selenium.common.exceptions.NoSuchElementException: Message: no such element: Unable to locate element: {\"method\":\"xpath\",\"selector\":\"//a[.='Log in']\"}\n  (Session info: chrome=128.0.6613.113); For documentation on this error, please visit: https://www.selenium.dev/documentation/webdriver/troubleshooting/errors#no-such-element-exception\nStacktrace:\n\tGetHandleVerifier [0x00007FF72D9AB632+29090]\n\t(No symbol) [0x00007FF72D91E6E9]\n\t(No symbol) [0x00007FF72D7DB1CA]\n\t(No symbol) [0x00007FF72D82EFD7]\n\t(No symbol) [0x00007FF72D82F22C]\n\t(No symbol) [0x00007FF72D8797F7]\n\t(No symbol) [0x00007FF72D85672F]\n\t(No symbol) [0x00007FF72D8765D9]\n\t(No symbol) [0x00007FF72D856493]\n\t(No symbol) [0x00007FF72D8209B1]\n\t(No symbol) [0x00007FF72D821B11]\n\tGetHandleVerifier [0x00007FF72DCC883D+3294125]\n\tGetHandleVerifier [0x00007FF72DD14423+3604371]\n\tGetHandleVerifier [0x00007FF72DD0A2E7+3563095]\n\tGetHandleVerifier [0x00007FF72DA66F16+797318]\n\t(No symbol) [0x00007FF72D92986F]\n\t(No symbol) [0x00007FF72D925454]\n\t(No symbol) [0x00007FF72D9255E0]\n\t(No symbol) [0x00007FF72D914A7F]\n\tBaseThreadInitThunk [0x00007FFFA35D7344+20]\n\tRtlUserThreadStart [0x00007FFFA40E26B1+33]", "trace": "driver = <selenium.webdriver.chrome.webdriver.WebDriver (session=\"70056ab58f8a6b7834915fcbfffd5cd2\")>\n\n    def test_check_for_login(driver):\n        home_page_obj=HomePage(driver)\n>       home_page_obj.click_on_login()\n\ndemowebshop\\Tests\\test_homepage.py:19: \n_ _ _ _ _ _ _ _ _ _ _ _ _ _ _ _ _ _ _ _ _ _ _ _ _ _ _ _ _ _ _ _ _ _ _ _ _ _ _ _ _ _ _ _ _ _ _ _ _ _ _ _ _ _ _ _ _ _ _ _ _ _ _ _ _ _ _ _ _ _ _ _ _ _ _ _\ndemowebshop\\POM\\homepage.py:9: in click_on_login\n    self.click_on_an_element(self.login_link_locator)\ndemowebshop\\Lib\\library.py:13: in click_on_an_element\n    element=self.search_for_an_element(locator)\ndemowebshop\\Lib\\library.py:9: in search_for_an_element\n    element = self.driver.find_element(*locator)\nvenv\\lib\\site-packages\\selenium\\webdriver\\remote\\webdriver.py:748: in find_element\n    return self.execute(Command.FIND_ELEMENT, {\"using\": by, \"value\": value})[\"value\"]\nvenv\\lib\\site-packages\\selenium\\webdriver\\remote\\webdriver.py:354: in execute\n    self.error_handler.check_response(response)\n_ _ _ _ _ _ _ _ _ _ _ _ _ _ _ _ _ _ _ _ _ _ _ _ _ _ _ _ _ _ _ _ _ _ _ _ _ _ _ _ _ _ _ _ _ _ _ _ _ _ _ _ _ _ _ _ _ _ _ _ _ _ _ _ _ _ _ _ _ _ _ _ _ _ _ _\n\nself = <selenium.webdriver.remote.errorhandler.ErrorHandler object at 0x000001C96499E490>\nresponse = {'status': 404, 'value': '{\"value\":{\"error\":\"no such element\",\"message\":\"no such element: Unable to locate element: {\\...07FF72D914A7F]\\\\n\\\\tBaseThreadInitThunk [0x00007FFFA35D7344+20]\\\\n\\\\tRtlUserThreadStart [0x00007FFFA40E26B1+33]\\\\n\"}}'}\n\n    def check_response(self, response: Dict[str, Any]) -> None:\n        \"\"\"Checks that a JSON response from the WebDriver does not have an\n        error.\n    \n        :Args:\n         - response - The JSON response from the WebDriver server as a dictionary\n           object.\n    \n        :Raises: If the response contains an error message.\n        \"\"\"\n        status = response.get(\"status\", None)\n        if not status or status == ErrorCode.SUCCESS:\n            return\n        value = None\n        message = response.get(\"message\", \"\")\n        screen: str = response.get(\"screen\", \"\")\n        stacktrace = None\n        if isinstance(status, int):\n            value_json = response.get(\"value\", None)\n            if value_json and isinstance(value_json, str):\n                import json\n    \n                try:\n                    value = json.loads(value_json)\n                    if len(value) == 1:\n                        value = value[\"value\"]\n                    status = value.get(\"error\", None)\n                    if not status:\n                        status = value.get(\"status\", ErrorCode.UNKNOWN_ERROR)\n                        message = value.get(\"value\") or value.get(\"message\")\n                        if not isinstance(message, str):\n                            value = message\n                            message = message.get(\"message\")\n                    else:\n                        message = value.get(\"message\", None)\n                except ValueError:\n                    pass\n    \n        exception_class: Type[WebDriverException]\n        e = ErrorCode()\n        error_codes = [item for item in dir(e) if not item.startswith(\"__\")]\n        for error_code in error_codes:\n            error_info = getattr(ErrorCode, error_code)\n            if isinstance(error_info, list) and status in error_info:\n                exception_class = getattr(ExceptionMapping, error_code, WebDriverException)\n                break\n        else:\n            exception_class = WebDriverException\n    \n        if not value:\n            value = response[\"value\"]\n        if isinstance(value, str):\n            raise exception_class(value)\n        if message == \"\" and \"message\" in value:\n            message = value[\"message\"]\n    \n        screen = None  # type: ignore[assignment]\n        if \"screen\" in value:\n            screen = value[\"screen\"]\n    \n        stacktrace = None\n        st_value = value.get(\"stackTrace\") or value.get(\"stacktrace\")\n        if st_value:\n            if isinstance(st_value, str):\n                stacktrace = st_value.split(\"\\n\")\n            else:\n                stacktrace = []\n                try:\n                    for frame in st_value:\n                        line = frame.get(\"lineNumber\", \"\")\n                        file = frame.get(\"fileName\", \"<anonymous>\")\n                        if line:\n                            file = f\"{file}:{line}\"\n                        meth = frame.get(\"methodName\", \"<anonymous>\")\n                        if \"className\" in frame:\n                            meth = f\"{frame['className']}.{meth}\"\n                        msg = \"    at %s (%s)\"\n                        msg = msg % (meth, file)\n                        stacktrace.append(msg)\n                except TypeError:\n                    pass\n        if exception_class == UnexpectedAlertPresentException:\n            alert_text = None\n            if \"data\" in value:\n                alert_text = value[\"data\"].get(\"text\")\n            elif \"alert\" in value:\n                alert_text = value[\"alert\"].get(\"text\")\n            raise exception_class(message, screen, stacktrace, alert_text)  # type: ignore[call-arg]  # mypy is not smart enough here\n>       raise exception_class(message, screen, stacktrace)\nE       selenium.common.exceptions.NoSuchElementException: Message: no such element: Unable to locate element: {\"method\":\"xpath\",\"selector\":\"//a[.='Log in']\"}\nE         (Session info: chrome=128.0.6613.113); For documentation on this error, please visit: https://www.selenium.dev/documentation/webdriver/troubleshooting/errors#no-such-element-exception\nE       Stacktrace:\nE       \tGetHandleVerifier [0x00007FF72D9AB632+29090]\nE       \t(No symbol) [0x00007FF72D91E6E9]\nE       \t(No symbol) [0x00007FF72D7DB1CA]\nE       \t(No symbol) [0x00007FF72D82EFD7]\nE       \t(No symbol) [0x00007FF72D82F22C]\nE       \t(No symbol) [0x00007FF72D8797F7]\nE       \t(No symbol) [0x00007FF72D85672F]\nE       \t(No symbol) [0x00007FF72D8765D9]\nE       \t(No symbol) [0x00007FF72D856493]\nE       \t(No symbol) [0x00007FF72D8209B1]\nE       \t(No symbol) [0x00007FF72D821B11]\nE       \tGetHandleVerifier [0x00007FF72DCC883D+3294125]\nE       \tGetHandleVerifier [0x00007FF72DD14423+3604371]\nE       \tGetHandleVerifier [0x00007FF72DD0A2E7+3563095]\nE       \tGetHandleVerifier [0x00007FF72DA66F16+797318]\nE       \t(No symbol) [0x00007FF72D92986F]\nE       \t(No symbol) [0x00007FF72D925454]\nE       \t(No symbol) [0x00007FF72D9255E0]\nE       \t(No symbol) [0x00007FF72D914A7F]\nE       \tBaseThreadInitThunk [0x00007FFFA35D7344+20]\nE       \tRtlUserThreadStart [0x00007FFFA40E26B1+33]\n\nvenv\\lib\\site-packages\\selenium\\webdriver\\remote\\errorhandler.py:229: NoSuchElementException"}, "attachments": [{"name": "log", "source": "6e1a0349-16fa-4fb3-86b3-394b81f18064-attachment.txt", "type": "text/plain"}], "start": 1724913360733, "stop": 1724913361074, "uuid": "8c34684e-c66b-4d9d-90cd-30d1a9488c2c", "historyId": "398df7bf45e9b0c1342b1f1bfa68dd18", "testCaseId": "398df7bf45e9b0c1342b1f1bfa68dd18", "fullName": "demowebshop.Tests.test_homepage#test_check_for_login", "labels": [{"name": "parentSuite", "value": "demowebshop.Tests"}, {"name": "suite", "value": "test_homepage"}, {"name": "host", "value": "MANJUNATH-TABJUL"}, {"name": "thread", "value": "808-MainThread"}, {"name": "framework", "value": "pytest"}, {"name": "language", "value": "cpython3"}, {"name": "package", "value": "demowebshop.Tests.test_homepage"}]}