{"name": "test_register_with_valid_input", "status": "broken", "statusDetails": {"message": "selenium.common.exceptions.NoSuchElementException: Message: no such element: Unable to locate element: {\"method\":\"xpath\",\"selector\":\"//input[@value='Continue']\"}\n  (Session info: chrome=128.0.6613.114); For documentation on this error, please visit: https://www.selenium.dev/documentation/webdriver/troubleshooting/errors#no-such-element-exception\nStacktrace:\n\tGetHandleVerifier [0x00007FF7D0ACB5D2+29090]\n\t(No symbol) [0x00007FF7D0A3E689]\n\t(No symbol) [0x00007FF7D08FB1CA]\n\t(No symbol) [0x00007FF7D094EFD7]\n\t(No symbol) [0x00007FF7D094F22C]\n\t(No symbol) [0x00007FF7D09997F7]\n\t(No symbol) [0x00007FF7D097672F]\n\t(No symbol) [0x00007FF7D09965D9]\n\t(No symbol) [0x00007FF7D0976493]\n\t(No symbol) [0x00007FF7D09409B1]\n\t(No symbol) [0x00007FF7D0941B11]\n\tGetHandleVerifier [0x00007FF7D0DE8C5D+3295277]\n\tGetHandleVerifier [0x00007FF7D0E34843+3605523]\n\tGetHandleVerifier [0x00007FF7D0E2A707+3564247]\n\tGetHandleVerifier [0x00007FF7D0B86EB6+797318]\n\t(No symbol) [0x00007FF7D0A4980F]\n\t(No symbol) [0x00007FF7D0A453F4]\n\t(No symbol) [0x00007FF7D0A45580]\n\t(No symbol) [0x00007FF7D0A34A1F]\n\tBaseThreadInitThunk [0x00007FFCDBFA7344+20]\n\tRtlUserThreadStart [0x00007FFCDD4426B1+33]", "trace": "driver = <selenium.webdriver.chrome.webdriver.WebDriver (session=\"f4b58ef8b7e0b06d42fdb5a74aa73212\")>\n\n    def test_register_with_valid_input(driver):\n        home=HomePage(driver)\n        home.click_on_register()\n        register=Register(driver)\n        register.register_an_account(\"Manjj\",\"Tester\",\"qTSSSSEngineer@gmail.com\",\"Rabjul@468\",\"Rabjul@468\")\n>       assert driver.find_element(\"xpath\",\"//input[@value='Continue']\").is_displayed()\n\ndemowebshop\\Tests\\test_register.py:9: \n_ _ _ _ _ _ _ _ _ _ _ _ _ _ _ _ _ _ _ _ _ _ _ _ _ _ _ _ _ _ _ _ _ _ _ _ _ _ _ _ _ _ _ _ _ _ _ _ _ _ _ _ _ _ _ _ _ _ _ _ _ _ _ _ _ _ _ _ _ _ _ _ _ _ _ _\nvenv\\lib\\site-packages\\selenium\\webdriver\\remote\\webdriver.py:748: in find_element\n    return self.execute(Command.FIND_ELEMENT, {\"using\": by, \"value\": value})[\"value\"]\nvenv\\lib\\site-packages\\selenium\\webdriver\\remote\\webdriver.py:354: in execute\n    self.error_handler.check_response(response)\n_ _ _ _ _ _ _ _ _ _ _ _ _ _ _ _ _ _ _ _ _ _ _ _ _ _ _ _ _ _ _ _ _ _ _ _ _ _ _ _ _ _ _ _ _ _ _ _ _ _ _ _ _ _ _ _ _ _ _ _ _ _ _ _ _ _ _ _ _ _ _ _ _ _ _ _\n\nself = <selenium.webdriver.remote.errorhandler.ErrorHandler object at 0x000002C10942B670>\nresponse = {'status': 404, 'value': '{\"value\":{\"error\":\"no such element\",\"message\":\"no such element: Unable to locate element: {\\...07FF7D0A34A1F]\\\\n\\\\tBaseThreadInitThunk [0x00007FFCDBFA7344+20]\\\\n\\\\tRtlUserThreadStart [0x00007FFCDD4426B1+33]\\\\n\"}}'}\n\n    def check_response(self, response: Dict[str, Any]) -> None:\n        \"\"\"Checks that a JSON response from the WebDriver does not have an\n        error.\n    \n        :Args:\n         - response - The JSON response from the WebDriver server as a dictionary\n           object.\n    \n        :Raises: If the response contains an error message.\n        \"\"\"\n        status = response.get(\"status\", None)\n        if not status or status == ErrorCode.SUCCESS:\n            return\n        value = None\n        message = response.get(\"message\", \"\")\n        screen: str = response.get(\"screen\", \"\")\n        stacktrace = None\n        if isinstance(status, int):\n            value_json = response.get(\"value\", None)\n            if value_json and isinstance(value_json, str):\n                import json\n    \n                try:\n                    value = json.loads(value_json)\n                    if len(value) == 1:\n                        value = value[\"value\"]\n                    status = value.get(\"error\", None)\n                    if not status:\n                        status = value.get(\"status\", ErrorCode.UNKNOWN_ERROR)\n                        message = value.get(\"value\") or value.get(\"message\")\n                        if not isinstance(message, str):\n                            value = message\n                            message = message.get(\"message\")\n                    else:\n                        message = value.get(\"message\", None)\n                except ValueError:\n                    pass\n    \n        exception_class: Type[WebDriverException]\n        e = ErrorCode()\n        error_codes = [item for item in dir(e) if not item.startswith(\"__\")]\n        for error_code in error_codes:\n            error_info = getattr(ErrorCode, error_code)\n            if isinstance(error_info, list) and status in error_info:\n                exception_class = getattr(ExceptionMapping, error_code, WebDriverException)\n                break\n        else:\n            exception_class = WebDriverException\n    \n        if not value:\n            value = response[\"value\"]\n        if isinstance(value, str):\n            raise exception_class(value)\n        if message == \"\" and \"message\" in value:\n            message = value[\"message\"]\n    \n        screen = None  # type: ignore[assignment]\n        if \"screen\" in value:\n            screen = value[\"screen\"]\n    \n        stacktrace = None\n        st_value = value.get(\"stackTrace\") or value.get(\"stacktrace\")\n        if st_value:\n            if isinstance(st_value, str):\n                stacktrace = st_value.split(\"\\n\")\n            else:\n                stacktrace = []\n                try:\n                    for frame in st_value:\n                        line = frame.get(\"lineNumber\", \"\")\n                        file = frame.get(\"fileName\", \"<anonymous>\")\n                        if line:\n                            file = f\"{file}:{line}\"\n                        meth = frame.get(\"methodName\", \"<anonymous>\")\n                        if \"className\" in frame:\n                            meth = f\"{frame['className']}.{meth}\"\n                        msg = \"    at %s (%s)\"\n                        msg = msg % (meth, file)\n                        stacktrace.append(msg)\n                except TypeError:\n                    pass\n        if exception_class == UnexpectedAlertPresentException:\n            alert_text = None\n            if \"data\" in value:\n                alert_text = value[\"data\"].get(\"text\")\n            elif \"alert\" in value:\n                alert_text = value[\"alert\"].get(\"text\")\n            raise exception_class(message, screen, stacktrace, alert_text)  # type: ignore[call-arg]  # mypy is not smart enough here\n>       raise exception_class(message, screen, stacktrace)\nE       selenium.common.exceptions.NoSuchElementException: Message: no such element: Unable to locate element: {\"method\":\"xpath\",\"selector\":\"//input[@value='Continue']\"}\nE         (Session info: chrome=128.0.6613.114); For documentation on this error, please visit: https://www.selenium.dev/documentation/webdriver/troubleshooting/errors#no-such-element-exception\nE       Stacktrace:\nE       \tGetHandleVerifier [0x00007FF7D0ACB5D2+29090]\nE       \t(No symbol) [0x00007FF7D0A3E689]\nE       \t(No symbol) [0x00007FF7D08FB1CA]\nE       \t(No symbol) [0x00007FF7D094EFD7]\nE       \t(No symbol) [0x00007FF7D094F22C]\nE       \t(No symbol) [0x00007FF7D09997F7]\nE       \t(No symbol) [0x00007FF7D097672F]\nE       \t(No symbol) [0x00007FF7D09965D9]\nE       \t(No symbol) [0x00007FF7D0976493]\nE       \t(No symbol) [0x00007FF7D09409B1]\nE       \t(No symbol) [0x00007FF7D0941B11]\nE       \tGetHandleVerifier [0x00007FF7D0DE8C5D+3295277]\nE       \tGetHandleVerifier [0x00007FF7D0E34843+3605523]\nE       \tGetHandleVerifier [0x00007FF7D0E2A707+3564247]\nE       \tGetHandleVerifier [0x00007FF7D0B86EB6+797318]\nE       \t(No symbol) [0x00007FF7D0A4980F]\nE       \t(No symbol) [0x00007FF7D0A453F4]\nE       \t(No symbol) [0x00007FF7D0A45580]\nE       \t(No symbol) [0x00007FF7D0A34A1F]\nE       \tBaseThreadInitThunk [0x00007FFCDBFA7344+20]\nE       \tRtlUserThreadStart [0x00007FFCDD4426B1+33]\n\nvenv\\lib\\site-packages\\selenium\\webdriver\\remote\\errorhandler.py:229: NoSuchElementException"}, "start": 1725345708647, "stop": 1725345714675, "uuid": "ec1eb4ee-ef2c-4d61-b6ad-ef8e00df202d", "historyId": "e9e144e6daaa6b936b05d1a38af0411d", "testCaseId": "e9e144e6daaa6b936b05d1a38af0411d", "fullName": "demowebshop.Tests.test_register#test_register_with_valid_input", "labels": [{"name": "parentSuite", "value": "demowebshop.Tests"}, {"name": "suite", "value": "test_register"}, {"name": "host", "value": "MANJUNATH-TABJUL"}, {"name": "thread", "value": "11772-MainThread"}, {"name": "framework", "value": "pytest"}, {"name": "language", "value": "cpython3"}, {"name": "package", "value": "demowebshop.Tests.test_register"}]}